Flow report for CRC_DDIO
Tue Aug 09 20:57:14 2022
Quartus Prime Version 18.1.0 Build 625 09/12/2018 SJ Lite Edition


---------------------
; Table of Contents ;
---------------------
  1. Legal Notice
  2. Flow Summary
  3. Flow Settings
  4. Flow Non-Default Global Settings
  5. Flow Elapsed Time
  6. Flow OS Summary
  7. Flow Log
  8. Flow Messages
  9. Flow Suppressed Messages



----------------
; Legal Notice ;
----------------
Copyright (C) 2018  Intel Corporation. All rights reserved.
Your use of Intel Corporation's design tools, logic functions 
and other software and tools, and its AMPP partner logic 
functions, and any output files from any of the foregoing 
(including device programming or simulation files), and any 
associated documentation or information are expressly subject 
to the terms and conditions of the Intel Program License 
Subscription Agreement, the Intel Quartus Prime License Agreement,
the Intel FPGA IP License Agreement, or other applicable license
agreement, including, without limitation, that your use is for
the sole purpose of programming logic devices manufactured by
Intel and sold by Intel or its authorized distributors.  Please
refer to the applicable agreement for further details.



+-------------------------------------------------------------------------------+
; Flow Summary                                                                  ;
+---------------------------------+---------------------------------------------+
; Flow Status                     ; Successful - Tue Aug 09 20:57:14 2022       ;
; Quartus Prime Version           ; 18.1.0 Build 625 09/12/2018 SJ Lite Edition ;
; Revision Name                   ; CRC_DDIO                                    ;
; Top-level Entity Name           ; top                                         ;
; Family                          ; Cyclone V                                   ;
; Device                          ; 5CSXFC6D6F31C6                              ;
; Timing Models                   ; Final                                       ;
; Logic utilization (in ALMs)     ; 327 / 41,910 ( < 1 % )                      ;
; Total registers                 ; 514                                         ;
; Total pins                      ; 41 / 499 ( 8 % )                            ;
; Total virtual pins              ; 0                                           ;
; Total block memory bits         ; 1,024 / 5,662,720 ( < 1 % )                 ;
; Total DSP Blocks                ; 0 / 112 ( 0 % )                             ;
; Total HSSI RX PCSs              ; 0 / 9 ( 0 % )                               ;
; Total HSSI PMA RX Deserializers ; 0 / 9 ( 0 % )                               ;
; Total HSSI TX PCSs              ; 0 / 9 ( 0 % )                               ;
; Total HSSI PMA TX Serializers   ; 0 / 9 ( 0 % )                               ;
; Total PLLs                      ; 1 / 15 ( 7 % )                              ;
; Total DLLs                      ; 0 / 4 ( 0 % )                               ;
+---------------------------------+---------------------------------------------+


+-----------------------------------------+
; Flow Settings                           ;
+-------------------+---------------------+
; Option            ; Setting             ;
+-------------------+---------------------+
; Start date & time ; 08/09/2022 20:55:29 ;
; Main task         ; Compilation         ;
; Revision Name     ; CRC_DDIO            ;
+-------------------+---------------------+


+-------------------------------------------------------------------------------------------------------------------------------------------------+
; Flow Non-Default Global Settings                                                                                                                ;
+--------------------------------------+----------------------------------------+---------------+-------------+-----------------------------------+
; Assignment Name                      ; Value                                  ; Default Value ; Entity Name ; Section Id                        ;
+--------------------------------------+----------------------------------------+---------------+-------------+-----------------------------------+
; COMPILER_SIGNATURE_ID                ; 1098012568611.166007132901456          ; --            ; --          ; --                                ;
; EDA_DESIGN_INSTANCE_NAME             ; NA                                     ; --            ; --          ; tb                                ;
; EDA_GENERATE_FUNCTIONAL_NETLIST      ; Off                                    ; --            ; --          ; eda_board_design_timing           ;
; EDA_GENERATE_FUNCTIONAL_NETLIST      ; Off                                    ; --            ; --          ; eda_board_design_boundary_scan    ;
; EDA_GENERATE_FUNCTIONAL_NETLIST      ; Off                                    ; --            ; --          ; eda_board_design_signal_integrity ;
; EDA_GENERATE_FUNCTIONAL_NETLIST      ; Off                                    ; --            ; --          ; eda_board_design_symbol           ;
; EDA_NATIVELINK_SIMULATION_TEST_BENCH ; tb                                     ; --            ; --          ; eda_simulation                    ;
; EDA_OUTPUT_DATA_FORMAT               ; Verilog Hdl                            ; --            ; --          ; eda_simulation                    ;
; EDA_SIMULATION_TOOL                  ; ModelSim-Altera (Verilog)              ; <None>        ; --          ; --                                ;
; EDA_TEST_BENCH_ENABLE_STATUS         ; TEST_BENCH_MODE                        ; --            ; --          ; eda_simulation                    ;
; EDA_TEST_BENCH_FILE                  ; tb.v                                   ; --            ; --          ; tb                                ;
; EDA_TEST_BENCH_MODULE_NAME           ; tb                                     ; --            ; --          ; tb                                ;
; EDA_TEST_BENCH_NAME                  ; tb                                     ; --            ; --          ; eda_simulation                    ;
; EDA_TEST_BENCH_RUN_SIM_FOR           ; 100000 ns                              ; --            ; --          ; tb                                ;
; EDA_TIME_SCALE                       ; 1 ps                                   ; --            ; --          ; eda_simulation                    ;
; MAX_CORE_JUNCTION_TEMP               ; 85                                     ; --            ; --          ; --                                ;
; MIN_CORE_JUNCTION_TEMP               ; 0                                      ; --            ; --          ; --                                ;
; MISC_FILE                            ; RAM1_inst.v                            ; --            ; --          ; --                                ;
; MISC_FILE                            ; RAM1_bb.v                              ; --            ; --          ; --                                ;
; MISC_FILE                            ; pll.cmp                                ; --            ; --          ; --                                ;
; MISC_FILE                            ; pll_sim/pll.vo                         ; --            ; --          ; --                                ;
; MISC_FILE                            ; DDIO_OUT.bsf                           ; --            ; --          ; --                                ;
; MISC_FILE                            ; DDIO_OUT_inst.v                        ; --            ; --          ; --                                ;
; MISC_FILE                            ; DDIO_OUT_bb.v                          ; --            ; --          ; --                                ;
; MISC_FILE                            ; DDIO_OUT.inc                           ; --            ; --          ; --                                ;
; MISC_FILE                            ; DDIO_OUT.cmp                           ; --            ; --          ; --                                ;
; MISC_FILE                            ; DDIO_OUT.ppf                           ; --            ; --          ; --                                ;
; MISC_FILE                            ; DDIO_IN.bsf                            ; --            ; --          ; --                                ;
; MISC_FILE                            ; DDIO_IN_inst.v                         ; --            ; --          ; --                                ;
; MISC_FILE                            ; DDIO_IN_bb.v                           ; --            ; --          ; --                                ;
; MISC_FILE                            ; DDIO_IN.inc                            ; --            ; --          ; --                                ;
; MISC_FILE                            ; DDIO_IN.cmp                            ; --            ; --          ; --                                ;
; MISC_FILE                            ; DDIO_IN.ppf                            ; --            ; --          ; --                                ;
; MISC_FILE                            ; DDIO_OUT_clk.bsf                       ; --            ; --          ; --                                ;
; MISC_FILE                            ; DDIO_OUT_clk_inst.v                    ; --            ; --          ; --                                ;
; MISC_FILE                            ; DDIO_OUT_clk_bb.v                      ; --            ; --          ; --                                ;
; MISC_FILE                            ; DDIO_OUT_clk.inc                       ; --            ; --          ; --                                ;
; MISC_FILE                            ; DDIO_OUT_clk.cmp                       ; --            ; --          ; --                                ;
; MISC_FILE                            ; DDIO_OUT_clk.ppf                       ; --            ; --          ; --                                ;
; MISC_FILE                            ; RAM2_bb.v                              ; --            ; --          ; --                                ;
; NUM_PARALLEL_PROCESSORS              ; All                                    ; --            ; --          ; --                                ;
; PARTITION_COLOR                      ; -- (Not supported for targeted family) ; --            ; top         ; Top                               ;
; PARTITION_FITTER_PRESERVATION_LEVEL  ; -- (Not supported for targeted family) ; --            ; top         ; Top                               ;
; PARTITION_NETLIST_TYPE               ; -- (Not supported for targeted family) ; --            ; top         ; Top                               ;
; POWER_BOARD_THERMAL_MODEL            ; None (CONSERVATIVE)                    ; --            ; --          ; --                                ;
; POWER_PRESET_COOLING_SOLUTION        ; 23 MM HEAT SINK WITH 200 LFPM AIRFLOW  ; --            ; --          ; --                                ;
; PROJECT_OUTPUT_DIRECTORY             ; output_files                           ; --            ; --          ; --                                ;
; SPD_FILE                             ; pll.spd                                ; --            ; --          ; --                                ;
; SYNTHESIS_ONLY_QIP                   ; On                                     ; --            ; --          ; --                                ;
; TOP_LEVEL_ENTITY                     ; top                                    ; CRC_DDIO      ; --          ; --                                ;
+--------------------------------------+----------------------------------------+---------------+-------------+-----------------------------------+


+--------------------------------------------------------------------------------------------------------------------------+
; Flow Elapsed Time                                                                                                        ;
+----------------------+--------------+-------------------------+---------------------+------------------------------------+
; Module Name          ; Elapsed Time ; Average Processors Used ; Peak Virtual Memory ; Total CPU Time (on all processors) ;
+----------------------+--------------+-------------------------+---------------------+------------------------------------+
; Analysis & Synthesis ; 00:00:21     ; 1.0                     ; 4860 MB             ; 00:00:38                           ;
; Fitter               ; 00:00:57     ; 1.0                     ; 6980 MB             ; 00:01:49                           ;
; Assembler            ; 00:00:09     ; 1.0                     ; 4834 MB             ; 00:00:07                           ;
; Timing Analyzer      ; 00:00:10     ; 1.2                     ; 5311 MB             ; 00:00:12                           ;
; EDA Netlist Writer   ; 00:00:02     ; 1.0                     ; 4854 MB             ; 00:00:03                           ;
; Total                ; 00:01:39     ; --                      ; --                  ; 00:02:49                           ;
+----------------------+--------------+-------------------------+---------------------+------------------------------------+


+------------------------------------------------------------------------------------+
; Flow OS Summary                                                                    ;
+----------------------+------------------+------------+------------+----------------+
; Module Name          ; Machine Hostname ; OS Name    ; OS Version ; Processor type ;
+----------------------+------------------+------------+------------+----------------+
; Analysis & Synthesis ; DESKTOP-9EVC4SO  ; Windows 10 ; 10.0       ; x86_64         ;
; Fitter               ; DESKTOP-9EVC4SO  ; Windows 10 ; 10.0       ; x86_64         ;
; Assembler            ; DESKTOP-9EVC4SO  ; Windows 10 ; 10.0       ; x86_64         ;
; Timing Analyzer      ; DESKTOP-9EVC4SO  ; Windows 10 ; 10.0       ; x86_64         ;
; EDA Netlist Writer   ; DESKTOP-9EVC4SO  ; Windows 10 ; 10.0       ; x86_64         ;
+----------------------+------------------+------------+------------+----------------+


------------
; Flow Log ;
------------
quartus_map --read_settings_files=on --write_settings_files=off CRC_DDIO -c CRC_DDIO
quartus_fit --read_settings_files=off --write_settings_files=off CRC_DDIO -c CRC_DDIO
quartus_asm --read_settings_files=off --write_settings_files=off CRC_DDIO -c CRC_DDIO
quartus_sta CRC_DDIO -c CRC_DDIO
quartus_eda --read_settings_files=off --write_settings_files=off CRC_DDIO -c CRC_DDIO



